This is e-pTeX, Version 3.14159265-p3.6-141210-2.6 (sjis) (TeX Live 2015/W32TeX) (preloaded format=platex 2015.5.19)  9 JUN 2016 21:36
entering extended mode
 restricted \write18 enabled.
 %&-line parsing enabled.
**./paper.tex
(./paper.tex
pLaTeX2e <2006/11/10> (based on LaTeX2e <2015/01/01> patch level 0)
Babel <3.9l> and hyphenation patterns for 79 languages loaded.
(./dummy/dummy.tex) (./IEEEtran/IEEEtran/IEEEtran.cls

LaTeX Warning: You have requested document class `IEEEtran/IEEEtran/IEEEtran',
               but the document class provides `IEEEtran'.

Document Class: IEEEtran 2015/08/26 V1.8b by Michael Shell
-- See the "IEEEtran_HOWTO" manual for usage information.
-- http://www.michaelshell.org/tex/ieeetran/
\@IEEEtrantmpdimenA=\dimen118
\@IEEEtrantmpdimenB=\dimen119
\@IEEEtrantmpdimenC=\dimen120
\@IEEEtrantmpcountA=\count81
\@IEEEtrantmpcountB=\count82
\@IEEEtrantmpcountC=\count83
\@IEEEtrantmptoksA=\toks15
LaTeX Font Info:    Try loading font information for OT1+ptm on input line 503.

(c:/w32tex/share/texmf-dist/tex/latex/psnfss/ot1ptm.fd
File: ot1ptm.fd 2001/06/04 font definitions for OT1/ptm.
)
-- Using 8.5in x 11in (letter) paper.
-- Using DVI output.
\@IEEEnormalsizeunitybaselineskip=\dimen121
-- This is a 10 point document.
\CLASSINFOnormalsizebaselineskip=\dimen122
\CLASSINFOnormalsizeunitybaselineskip=\dimen123
\IEEEnormaljot=\dimen124
(I search kanjifont definition file: . . )
LaTeX Font Info:    Font shape `JT1/mc/bx/n' in size <5> not available
(Font)              Font shape `JT1/gt/m/n' tried instead on input line 1090.
LaTeX Font Info:    Font shape `JY1/mc/bx/n' in size <5> not available
(Font)              Font shape `JY1/gt/m/n' tried instead on input line 1090.
LaTeX Font Info:    Font shape `OT1/ptm/bx/n' in size <5> not available
(Font)              Font shape `OT1/ptm/b/n' tried instead on input line 1090.
LaTeX Font Info:    Font shape `OT1/ptm/bx/it' in size <5> not available
(Font)              Font shape `OT1/ptm/b/it' tried instead on input line 1090.

LaTeX Font Info:    Font shape `JT1/mc/bx/n' in size <7> not available
(Font)              Font shape `JT1/gt/m/n' tried instead on input line 1090.
LaTeX Font Info:    Font shape `JY1/mc/bx/n' in size <7> not available
(Font)              Font shape `JY1/gt/m/n' tried instead on input line 1090.
LaTeX Font Info:    Font shape `OT1/ptm/bx/n' in size <7> not available
(Font)              Font shape `OT1/ptm/b/n' tried instead on input line 1090.
LaTeX Font Info:    Font shape `OT1/ptm/bx/it' in size <7> not available
(Font)              Font shape `OT1/ptm/b/it' tried instead on input line 1090.

LaTeX Font Info:    Font shape `JT1/mc/bx/n' in size <8> not available
(Font)              Font shape `JT1/gt/m/n' tried instead on input line 1090.
LaTeX Font Info:    Font shape `JY1/mc/bx/n' in size <8> not available
(Font)              Font shape `JY1/gt/m/n' tried instead on input line 1090.
LaTeX Font Info:    Font shape `OT1/ptm/bx/n' in size <8> not available
(Font)              Font shape `OT1/ptm/b/n' tried instead on input line 1090.
LaTeX Font Info:    Font shape `OT1/ptm/bx/it' in size <8> not available
(Font)              Font shape `OT1/ptm/b/it' tried instead on input line 1090.

LaTeX Font Info:    Font shape `JT1/mc/bx/n' in size <9> not available
(Font)              Font shape `JT1/gt/m/n' tried instead on input line 1090.
LaTeX Font Info:    Font shape `JY1/mc/bx/n' in size <9> not available
(Font)              Font shape `JY1/gt/m/n' tried instead on input line 1090.
LaTeX Font Info:    Font shape `OT1/ptm/bx/n' in size <9> not available
(Font)              Font shape `OT1/ptm/b/n' tried instead on input line 1090.
LaTeX Font Info:    Font shape `OT1/ptm/bx/it' in size <9> not available
(Font)              Font shape `OT1/ptm/b/it' tried instead on input line 1090.

LaTeX Font Info:    Font shape `JT1/mc/bx/n' in size <10> not available
(Font)              Font shape `JT1/gt/m/n' tried instead on input line 1090.
LaTeX Font Info:    Font shape `JY1/mc/bx/n' in size <10> not available
(Font)              Font shape `JY1/gt/m/n' tried instead on input line 1090.
LaTeX Font Info:    Font shape `OT1/ptm/bx/n' in size <10> not available
(Font)              Font shape `OT1/ptm/b/n' tried instead on input line 1090.
LaTeX Font Info:    Font shape `OT1/ptm/bx/it' in size <10> not available
(Font)              Font shape `OT1/ptm/b/it' tried instead on input line 1090.

LaTeX Font Info:    Font shape `JT1/mc/bx/n' in size <11> not available
(Font)              Font shape `JT1/gt/m/n' tried instead on input line 1090.
LaTeX Font Info:    Font shape `JY1/mc/bx/n' in size <11> not available
(Font)              Font shape `JY1/gt/m/n' tried instead on input line 1090.
LaTeX Font Info:    Font shape `OT1/ptm/bx/n' in size <11> not available
(Font)              Font shape `OT1/ptm/b/n' tried instead on input line 1090.
LaTeX Font Info:    Font shape `OT1/ptm/bx/it' in size <11> not available
(Font)              Font shape `OT1/ptm/b/it' tried instead on input line 1090.

LaTeX Font Info:    Font shape `JT1/mc/bx/n' in size <12> not available
(Font)              Font shape `JT1/gt/m/n' tried instead on input line 1090.
LaTeX Font Info:    Font shape `JY1/mc/bx/n' in size <12> not available
(Font)              Font shape `JY1/gt/m/n' tried instead on input line 1090.
LaTeX Font Info:    Font shape `OT1/ptm/bx/n' in size <12> not available
(Font)              Font shape `OT1/ptm/b/n' tried instead on input line 1090.
LaTeX Font Info:    Font shape `OT1/ptm/bx/it' in size <12> not available
(Font)              Font shape `OT1/ptm/b/it' tried instead on input line 1090.

LaTeX Font Info:    Font shape `JT1/mc/bx/n' in size <17> not available
(Font)              Font shape `JT1/gt/m/n' tried instead on input line 1090.
LaTeX Font Info:    Font shape `JY1/mc/bx/n' in size <17> not available
(Font)              Font shape `JY1/gt/m/n' tried instead on input line 1090.
LaTeX Font Info:    Font shape `OT1/ptm/bx/n' in size <17> not available
(Font)              Font shape `OT1/ptm/b/n' tried instead on input line 1090.
LaTeX Font Info:    Font shape `OT1/ptm/bx/it' in size <17> not available
(Font)              Font shape `OT1/ptm/b/it' tried instead on input line 1090.

LaTeX Font Info:    Font shape `JT1/mc/bx/n' in size <20> not available
(Font)              Font shape `JT1/gt/m/n' tried instead on input line 1090.
LaTeX Font Info:    Font shape `JY1/mc/bx/n' in size <20> not available
(Font)              Font shape `JY1/gt/m/n' tried instead on input line 1090.
LaTeX Font Info:    Font shape `OT1/ptm/bx/n' in size <20> not available
(Font)              Font shape `OT1/ptm/b/n' tried instead on input line 1090.
LaTeX Font Info:    Font shape `OT1/ptm/bx/it' in size <20> not available
(Font)              Font shape `OT1/ptm/b/it' tried instead on input line 1090.

LaTeX Font Info:    Font shape `JT1/mc/bx/n' in size <24> not available
(Font)              Font shape `JT1/gt/m/n' tried instead on input line 1090.
LaTeX Font Info:    Font shape `JY1/mc/bx/n' in size <24> not available
(Font)              Font shape `JY1/gt/m/n' tried instead on input line 1090.
LaTeX Font Info:    Font shape `OT1/ptm/bx/n' in size <24> not available
(Font)              Font shape `OT1/ptm/b/n' tried instead on input line 1090.
LaTeX Font Info:    Font shape `OT1/ptm/bx/it' in size <24> not available
(Font)              Font shape `OT1/ptm/b/it' tried instead on input line 1090.

\IEEEquantizedlength=\dimen125
\IEEEquantizedlengthdiff=\dimen126
\IEEEquantizedtextheightdiff=\dimen127
\IEEEilabelindentA=\dimen128
\IEEEilabelindentB=\dimen129
\IEEEilabelindent=\dimen130
\IEEEelabelindent=\dimen131
\IEEEdlabelindent=\dimen132
\IEEElabelindent=\dimen133
\IEEEiednormlabelsep=\dimen134
\IEEEiedmathlabelsep=\dimen135
\IEEEiedtopsep=\skip41
\c@section=\count84
\c@subsection=\count85
\c@subsubsection=\count86
\c@paragraph=\count87
\c@IEEEsubequation=\count88
\abovecaptionskip=\skip42
\belowcaptionskip=\skip43
\c@figure=\count89
\c@table=\count90
\@IEEEeqnnumcols=\count91
\@IEEEeqncolcnt=\count92
\@IEEEsubeqnnumrollback=\count93
\@IEEEquantizeheightA=\dimen136
\@IEEEquantizeheightB=\dimen137
\@IEEEquantizeheightC=\dimen138
\@IEEEquantizeprevdepth=\dimen139
\@IEEEquantizemultiple=\count94
\@IEEEquantizeboxA=\box41
\@IEEEtmpitemindent=\dimen140
\IEEEPARstartletwidth=\dimen141
\c@IEEEbiography=\count95
\@IEEEtranrubishbin=\box42
)
(c:/w32tex/share/texmf-dist/tex/latex/graphics/graphicx.sty
Package: graphicx 2014/10/28 v1.0g Enhanced LaTeX Graphics (DPC,SPQR)

(c:/w32tex/share/texmf-dist/tex/latex/graphics/keyval.sty
Package: keyval 2014/10/28 v1.15 key=value parser (DPC)
\KV@toks@=\toks16
)
(c:/w32tex/share/texmf-dist/tex/latex/graphics/graphics.sty
Package: graphics 2014/10/28 v1.0p Standard LaTeX Graphics (DPC,SPQR)

(c:/w32tex/share/texmf-dist/tex/latex/graphics/trig.sty
Package: trig 1999/03/16 v1.09 sin cos tan (DPC)
)
(c:/w32tex/share/texmf-dist/tex/latex/config/graphics.cfg
File: graphics.cfg 2010/04/23 v1.9 graphics configuration of TeX Live
)
Package graphics Info: Driver file: dvipdfmx.def on input line 94.

(c:/w32tex/share/texmf-dist/tex/latex/dvipdfmx-def/dvipdfmx.def
File: dvipdfmx.def 2015/03/26 v4.04 LaTeX color/graphics driver for dvipdfmx (T
eX Live/ChoF)
))
\Gin@req@height=\dimen142
\Gin@req@width=\dimen143
)
(c:/w32tex/share/texmf-dist/tex/latex/amsfonts/amssymb.sty
Package: amssymb 2013/01/14 v3.01 AMS font symbols

(c:/w32tex/share/texmf-dist/tex/latex/amsfonts/amsfonts.sty
Package: amsfonts 2013/01/14 v3.01 Basic AMSFonts support
\@emptytoks=\toks17
\symAMSa=\mathgroup4
\symAMSb=\mathgroup5
LaTeX Font Info:    Overwriting math alphabet `\mathfrak' in version `bold'
(Font)                  U/euf/m/n --> U/euf/b/n on input line 106.
))
(c:/w32tex/share/texmf-dist/tex/latex/float/float.sty
Package: float 2001/11/08 v1.3d Float enhancements (AL)
\c@float@type=\count96
\float@exts=\toks18
\float@box=\box43
\@float@everytoks=\toks19
\@floatcapt=\box44
)
(c:/w32tex/share/texmf-dist/tex/latex/tools/enumerate.sty
Package: enumerate 2014/10/28 v3.00 enumerate extensions (DPC)
\@enLab=\toks20
)
(c:/w32tex/share/texmf-dist/tex/latex/cite/cite.sty
LaTeX Info: Redefining \cite on input line 302.
LaTeX Info: Redefining \nocite on input line 332.
Package: cite 2015/02/27  v 5.5
)
(c:/w32tex/share/texmf-dist/tex/latex/url/url.sty
\Urlmuskip=\muskip10
Package: url 2013/09/16  ver 3.4  Verb mode for urls, etc.
)
(c:/w32tex/share/texmf-dist/tex/latex/listings/listings.sty
\lst@mode=\count97
\lst@gtempboxa=\box45
\lst@token=\toks21
\lst@length=\count98
\lst@currlwidth=\dimen144
\lst@column=\count99
\lst@pos=\count100
\lst@lostspace=\dimen145
\lst@width=\dimen146
\lst@newlines=\count101
\lst@lineno=\count102
\lst@maxwidth=\dimen147

(c:/w32tex/share/texmf-dist/tex/latex/listings/lstmisc.sty
File: lstmisc.sty 2014/09/06 1.5e (Carsten Heinz)
\c@lstnumber=\count103
\lst@skipnumbers=\count104
\lst@framebox=\box46
)
(c:/w32tex/share/texmf-dist/tex/latex/listings/listings.cfg
File: listings.cfg 2014/09/06 1.5e listings configuration
))
Package: listings 2014/09/06 1.5e (Carsten Heinz)

(c:/w32tex/share/texmf-dist/tex/latex/jlisting/jlisting.sty
Package: jlisting 2006/02/20 0.2 (Thor)
\lst@nextchar=\count105
\lst@inputfile=\read1
)
(c:/w32tex/share/texmf-dist/tex/latex/listings/lstlang1.sty
File: lstlang1.sty 2014/09/06 1.5e listings language file
)
(c:/w32tex/share/texmf-dist/tex/latex/listings/lstmisc.sty
File: lstmisc.sty 2014/09/06 1.5e (Carsten Heinz)
) (./paper.aux)
\openout1 = `paper.aux'.

LaTeX Font Info:    Checking defaults for OML/cmm/m/it on input line 41.
LaTeX Font Info:    ... okay on input line 41.
LaTeX Font Info:    Checking defaults for T1/cmr/m/n on input line 41.
LaTeX Font Info:    ... okay on input line 41.
LaTeX Font Info:    Checking defaults for OT1/cmr/m/n on input line 41.
LaTeX Font Info:    ... okay on input line 41.
LaTeX Font Info:    Checking defaults for OMS/cmsy/m/n on input line 41.
LaTeX Font Info:    ... okay on input line 41.
LaTeX Font Info:    Checking defaults for OMX/cmex/m/n on input line 41.
LaTeX Font Info:    ... okay on input line 41.
LaTeX Font Info:    Checking defaults for U/cmr/m/n on input line 41.
LaTeX Font Info:    ... okay on input line 41.
LaTeX Font Info:    Checking defaults for JY1/mc/m/n on input line 41.
LaTeX Font Info:    ... okay on input line 41.
LaTeX Font Info:    Checking defaults for JT1/mc/m/n on input line 41.
LaTeX Font Info:    ... okay on input line 41.

-- Lines per column: 56 (exact).
\c@lstlisting=\count106
[1


]
LaTeX Font Info:    Try loading font information for U+msa on input line 324.
 (c:/w32tex/share/texmf-dist/tex/latex/amsfonts/umsa.fd
File: umsa.fd 2013/01/14 v3.01 AMS symbols A
)
LaTeX Font Info:    Try loading font information for U+msb on input line 324.

(c:/w32tex/share/texmf-dist/tex/latex/amsfonts/umsb.fd
File: umsb.fd 2013/01/14 v3.01 AMS symbols B
)
File: figure/system_model.eps Graphic file (type eps)

<figure/system_model.eps>
File: figure/component_bluetooth.eps Graphic file (type eps)
 <figure/component_bluetooth.eps>
Underfull \hbox (badness 1708) in paragraph at lines 370--374
[]\OT1/ptm/m/n/10 In the pro-posed frame-work, a plat-form that in-cludes
 []

File: figure/control_flow.eps Graphic file (type eps)
<figure/control_flow.eps>
LaTeX Font Info:    Try loading font information for OMS+ptm on input line 400.


(c:/w32tex/share/texmf-dist/tex/latex/psnfss/omsptm.fd
File: omsptm.fd 
)
LaTeX Font Info:    Font shape `OMS/ptm/m/n' in size <9> not available
(Font)              Font shape `OMS/cmsy/m/n' tried instead on input line 400.
LaTeX Font Info:    Font shape `OMS/ptm/m/it' in size <8> not available
(Font)              Font shape `OMS/cmsy/m/n' tried instead on input line 401.
 [2]
File: figure/rotateReadyQueue.eps Graphic file (type eps)

<figure/rotateReadyQueue.eps>
File: figure/cyclic_handler.eps Graphic file (type eps)
 <figure/cyclic_handler.eps> [3]
File: figure/Eventflag.eps Graphic file (type eps)

<figure/Eventflag.eps> [4]
File: figure/comparison_s_c_m.eps Graphic file (type eps)
 <figure/comparison_s_c_m.eps>
File: figure/comparison_msec.eps Graphic file (type eps)

<figure/comparison_msec.eps>
File: figure/eval_synchronization.eps Graphic file (type eps)
 <figure/eval_synchronization.eps> [5] (./paper.bbl) [6]
File: figure/mruby.eps Graphic file (type eps)
 <figure/mruby.eps>
File: figure/component_diagram.eps Graphic file (type eps)
 <figure/component_diagram.eps> [7

]
File: figure/mrubyontecs.eps Graphic file (type eps)

<figure/mrubyontecs.eps>
File: figure/mruby_TECS_bridge.eps Graphic file (type eps)
 <figure/mruby_TECS_bridge.eps>

** Conference Paper **
Before submitting the final camera ready copy, remember to:

 1. Manually equalize the lengths of two columns on the last page
 of your paper;

 2. Ensure that any PostScript and/or PDF output post-processing
 uses only Type 1 fonts and that every step in the generation
 process uses the appropriate paper size.

[8] (./paper.aux)

LaTeX Warning: Label(s) may have changed. Rerun to get cross-references right.

 ) 
Here is how much of TeX's memory you used:
 3635 strings out of 493777
 54994 string characters out of 6153182
 324292 words of memory out of 5000000
 7079 multiletter control sequences out of 15000+600000
 43272 words of font info for 127 fonts, out of 8000000 for 9000
 929 hyphenation exceptions out of 8191
 27i,8n,49p,303b,1377s stack positions out of 5000i,500n,10000p,500000b,80000s

Output written on paper.dvi (8 pages, 59356 bytes).
