This is e-pTeX, Version 3.14159265-p3.6-141210-2.6 (sjis) (TeX Live 2015/W32TeX) (preloaded format=platex 2015.5.19)  29 MAR 2016 07:45
entering extended mode
 restricted \write18 enabled.
 %&-line parsing enabled.
**./paper.tex
(./paper.tex
pLaTeX2e <2006/11/10> (based on LaTeX2e <2015/01/01> patch level 0)
Babel <3.9l> and hyphenation patterns for 79 languages loaded.
(./dummy/dummy.tex) (./sig-alternate-05-2015.cls
(c:/w32tex/share/texmf-dist/tex/latex/graphics/epsfig.sty
Package: epsfig 1999/02/16 v1.7a (e)psfig emulation (SPQR)

(c:/w32tex/share/texmf-dist/tex/latex/graphics/graphicx.sty
Package: graphicx 2014/10/28 v1.0g Enhanced LaTeX Graphics (DPC,SPQR)

(c:/w32tex/share/texmf-dist/tex/latex/graphics/keyval.sty
Package: keyval 2014/10/28 v1.15 key=value parser (DPC)
\KV@toks@=\toks15
)
(c:/w32tex/share/texmf-dist/tex/latex/graphics/graphics.sty
Package: graphics 2014/10/28 v1.0p Standard LaTeX Graphics (DPC,SPQR)

(c:/w32tex/share/texmf-dist/tex/latex/graphics/trig.sty
Package: trig 1999/03/16 v1.09 sin cos tan (DPC)
)
(c:/w32tex/share/texmf-dist/tex/latex/config/graphics.cfg
File: graphics.cfg 2010/04/23 v1.9 graphics configuration of TeX Live
)
Package graphics Info: Driver file: dvips.def on input line 94.

(c:/w32tex/share/texmf-dist/tex/latex/graphics/dvips.def
File: dvips.def 2014/10/14 v3.0j Driver-dependent file (DPC,SPQR)
))
\Gin@req@height=\dimen118
\Gin@req@width=\dimen119
)
\epsfxsize=\dimen120
\epsfysize=\dimen121
)
(c:/w32tex/share/texmf-dist/tex/latex/amsfonts/amssymb.sty
Package: amssymb 2013/01/14 v3.01 AMS font symbols

(c:/w32tex/share/texmf-dist/tex/latex/amsfonts/amsfonts.sty
Package: amsfonts 2013/01/14 v3.01 Basic AMSFonts support
\@emptytoks=\toks16
\symAMSa=\mathgroup4
\symAMSb=\mathgroup5
LaTeX Font Info:    Overwriting math alphabet `\mathfrak' in version `bold'
(Font)                  U/euf/m/n --> U/euf/b/n on input line 106.
))
(c:/w32tex/share/texmf-dist/tex/latex/amsmath/amsmath.sty
Package: amsmath 2013/01/14 v2.14 AMS math features
\@mathmargin=\skip41

For additional information on amsmath, use the `?' option.
(c:/w32tex/share/texmf-dist/tex/latex/amsmath/amstext.sty
Package: amstext 2000/06/29 v2.01

(c:/w32tex/share/texmf-dist/tex/latex/amsmath/amsgen.sty
File: amsgen.sty 1999/11/30 v2.0
\@emptytoks=\toks17
\ex@=\dimen122
))
(c:/w32tex/share/texmf-dist/tex/latex/amsmath/amsbsy.sty
Package: amsbsy 1999/11/29 v1.2d
\pmbraise@=\dimen123
)
(c:/w32tex/share/texmf-dist/tex/latex/amsmath/amsopn.sty
Package: amsopn 1999/12/14 v2.01 operator names
)
\inf@bad=\count81
LaTeX Info: Redefining \frac on input line 210.
\uproot@=\count82
\leftroot@=\count83
LaTeX Info: Redefining \overline on input line 306.
\classnum@=\count84
\DOTSCASE@=\count85
LaTeX Info: Redefining \ldots on input line 378.
LaTeX Info: Redefining \dots on input line 381.
LaTeX Info: Redefining \cdots on input line 466.
\Mathstrutbox@=\box41
\strutbox@=\box42
\big@size=\dimen124
LaTeX Font Info:    Redeclaring font encoding OML on input line 566.
LaTeX Font Info:    Redeclaring font encoding OMS on input line 567.
\macc@depth=\count86
\c@MaxMatrixCols=\count87
\dotsspace@=\muskip10
\c@parentequation=\count88
\dspbrk@lvl=\count89
\tag@help=\toks18
\row@=\count90
\column@=\count91
\maxfields@=\count92
\andhelp@=\toks19
\eqnshift@=\dimen125
\alignsep@=\dimen126
\tagshift@=\dimen127
\tagwidth@=\dimen128
\totwidth@=\dimen129
\lineht@=\dimen130
\@envbody=\toks20
\multlinegap=\skip42
\multlinetaggap=\skip43
\mathdisplay@stack=\toks21
LaTeX Info: Redefining \[ on input line 2665.
LaTeX Info: Redefining \] on input line 2666.
)
Document Class 'sig-alternate' <9th June '13>. Modified by G.K.M. Tobin/Gerry M
urray/Boris Veytsman
Based in part upon document Style `acmconf' <22 May 89>. Hacked 4/91 by
shivers@cs.cmu.edu, 4/93 by theobald@cs.mcgill.ca
Excerpts were taken from (Journal Style) 'esub2acm.cls'.
****** Bugs/comments/suggestions/technicalities to Gerry Murray -- murray@hq.ac
m.org ******
Questions on the style, SIGS policies, etc. to Adrienne Griscti griscti@acm.org

\ACM@basesize=\count93
(c:/w32tex/share/texmf-dist/tex/latex/comment/comment.sty
\CommentStream=\write3

Excluding comment 'comment') Excluding comment 'CCSXML'
\footheight=\dimen131
\@maxsep=\dimen132
\@dblmaxsep=\dimen133

(c:/w32tex/share/texmf-dist/tex/generic/oberdiek/ifpdf.sty
Package: ifpdf 2011/01/30 v2.3 Provides the ifpdf switch (HO)
Package ifpdf Info: pdfTeX in PDF mode is not detected.
)
\aucount=\count94
\originalaucount=\count95
\auwidth=\dimen134
\auskip=\dimen135
\auskipcount=\count96
\auskip=\dimen136
\allauboxes=\dimen137
\addauthors=\toks22
\addauflag=\count97
\subtitletext=\toks23
\savesection=\count98
\sectioncntr=\count99
\c@figure=\count100
\c@table=\count101
\titleboxnotes=\toks24
\titleboxnoteflag=\count102


LaTeX Warning: You have requested document class `sig-alternate-05-2015',
               but the document class provides `sig-alternate'.

Document Class: sig-alternate 2013/05/12 v2.7 based on acmproc.cls V1.3 <Nov. 3
0 '99>
(c:/w32tex/share/texmf-dist/tex/latex/base/latexsym.sty
Package: latexsym 1998/08/17 v2.2e Standard LaTeX package (lasy symbols)
\symlasy=\mathgroup6
LaTeX Font Info:    Overwriting symbol font `lasy' in version `bold'
(Font)                  U/lasy/m/n --> U/lasy/b/n on input line 52.
)
\@acmtitlebox=\box43
\titlenotecount=\count103
\tntoks=\toks25
\tntokstwo=\toks26
\tntoksthree=\toks27
\tntoksfour=\toks28
\tntoksfive=\toks29
\catcount=\count104
\copyrightnotice=\toks30
\conf=\toks31
\confinfo=\toks32
\c@part=\count105
\c@section=\count106
\c@subsection=\count107
\c@subsubsection=\count108
\c@paragraph=\count109

Using 'Abbrev' bibliography style
LaTeX Info: Redefining \cite on input line 1410.
\bibindent=\dimen138
\colcntr=\count110
\saveb@x=\box44
\copyrtyr=\toks33
\acmcopyr=\toks34
\boilerplate=\toks35
(c:/w32tex/share/texmf-dist/tex/latex/url/url.sty
\Urlmuskip=\muskip11
Package: url 2013/09/16  ver 3.4  Verb mode for urls, etc.
) (./acmcopyright.sty
Package: acmcopyright 2014/06/29 v1.2 Copyright statemens for ACM classes

(c:/w32tex/share/texmf-dist/tex/latex/xkeyval/xkeyval.sty
Package: xkeyval 2014/12/03 v2.7a package option processing (HA)

(c:/w32tex/share/texmf-dist/tex/generic/xkeyval/xkeyval.tex
\XKV@toks=\toks36
\XKV@tempa@toks=\toks37
\XKV@depth=\count111
File: xkeyval.tex 2008/08/13 v2.6a key=value parser (HA)
)))
\copyrightetc=\toks38

(I search kanjifont definition file: . . ) (I search font definition file: . .
. . . . . ) (c:/w32tex/share/texmf-dist/tex/latex/base/fontenc.sty
Package: fontenc 2005/09/27 v1.99g Standard LaTeX package

(c:/w32tex/share/texmf-dist/tex/latex/base/t1enc.def
File: t1enc.def 2005/09/27 v1.99g Standard LaTeX file
LaTeX Font Info:    Redeclaring font encoding T1 on input line 48.
)
LaTeX Font Info:    Try loading font information for JT1+aer on input line 105.

LaTeX Font Info:    No file JT1aer.fd. on input line 105.


LaTeX Font Warning: Font shape `JT1/aer/m/n' undefined
(Font)              using `JT1/mc/m/n' instead on input line 105.

LaTeX Font Info:    Try loading font information for JY1+aer on input line 105.

LaTeX Font Info:    No file JY1aer.fd. on input line 105.

LaTeX Font Warning: Font shape `JY1/aer/m/n' undefined
(Font)              using `JY1/mc/m/n' instead on input line 105.

LaTeX Font Info:    Try loading font information for T1+aer on input line 105.
LaTeX Font Info:    No file T1aer.fd. on input line 105.

LaTeX Font Warning: Font shape `T1/aer/m/n' undefined
(Font)              using `T1/cmr/m/n' instead on input line 105.

)) (c:/w32tex/share/texmf-dist/tex/latex/tools/enumerate.sty
Package: enumerate 2014/10/28 v3.00 enumerate extensions (DPC)
\@enLab=\toks39
)
(c:/w32tex/share/texmf-dist/tex/latex/cite/cite.sty
LaTeX Info: Redefining \cite on input line 302.
LaTeX Info: Redefining \nocite on input line 332.
Package: cite 2015/02/27  v 5.5
)
(c:/w32tex/share/texmf-dist/tex/latex/listings/listings.sty
\lst@mode=\count112
\lst@gtempboxa=\box45
\lst@token=\toks40
\lst@length=\count113
\lst@currlwidth=\dimen139
\lst@column=\count114
\lst@pos=\count115
\lst@lostspace=\dimen140
\lst@width=\dimen141
\lst@newlines=\count116
\lst@lineno=\count117
\abovecaptionskip=\skip44
\belowcaptionskip=\skip45
\lst@maxwidth=\dimen142

(c:/w32tex/share/texmf-dist/tex/latex/listings/lstmisc.sty
File: lstmisc.sty 2014/09/06 1.5e (Carsten Heinz)
\c@lstnumber=\count118
\lst@skipnumbers=\count119
\lst@framebox=\box46
)
(c:/w32tex/share/texmf-dist/tex/latex/listings/listings.cfg
File: listings.cfg 2014/09/06 1.5e listings configuration
))
Package: listings 2014/09/06 1.5e (Carsten Heinz)

(c:/w32tex/share/texmf-dist/tex/latex/jlisting/jlisting.sty
Package: jlisting 2006/02/20 0.2 (Thor)
\lst@nextchar=\count120
\lst@inputfile=\read1
)
(c:/w32tex/share/texmf-dist/tex/latex/listings/lstlang1.sty
File: lstlang1.sty 2014/09/06 1.5e listings language file
)
(c:/w32tex/share/texmf-dist/tex/latex/listings/lstmisc.sty
File: lstmisc.sty 2014/09/06 1.5e (Carsten Heinz)
) (./paper.aux)
\openout1 = `paper.aux'.

LaTeX Font Info:    Checking defaults for OML/cmm/m/it on input line 67.
LaTeX Font Info:    ... okay on input line 67.
LaTeX Font Info:    Checking defaults for T1/cmr/m/n on input line 67.
LaTeX Font Info:    ... okay on input line 67.
LaTeX Font Info:    Checking defaults for OT1/cmr/m/n on input line 67.
LaTeX Font Info:    ... okay on input line 67.
LaTeX Font Info:    Checking defaults for OMS/cmsy/m/n on input line 67.
LaTeX Font Info:    ... okay on input line 67.
LaTeX Font Info:    Checking defaults for OMX/cmex/m/n on input line 67.
LaTeX Font Info:    ... okay on input line 67.
LaTeX Font Info:    Checking defaults for U/cmr/m/n on input line 67.
LaTeX Font Info:    ... okay on input line 67.
LaTeX Font Info:    Checking defaults for JY1/mc/m/n on input line 67.
LaTeX Font Info:    ... okay on input line 67.
LaTeX Font Info:    Checking defaults for JT1/mc/m/n on input line 67.
LaTeX Font Info:    ... okay on input line 67.
\c@lstlisting=\count121
LaTeX Font Info:    Try loading font information for U+msa on input line 68.

(c:/w32tex/share/texmf-dist/tex/latex/amsfonts/umsa.fd
File: umsa.fd 2013/01/14 v3.01 AMS symbols A
)
LaTeX Font Info:    Try loading font information for U+msb on input line 68.

(c:/w32tex/share/texmf-dist/tex/latex/amsfonts/umsb.fd
File: umsb.fd 2013/01/14 v3.01 AMS symbols B
)
LaTeX Font Info:    Try loading font information for U+lasy on input line 68.

(c:/w32tex/share/texmf-dist/tex/latex/base/ulasy.fd
File: ulasy.fd 1998/08/17 v2.2e LaTeX symbol font definitions
)
(I search kanjifont definition file: . . ) (I search font definition file: . .
. . . . . )
LaTeX Font Info:    Try loading font information for T1+ptm on input line 68.
 (c:/w32tex/share/texmf-dist/tex/latex/psnfss/t1ptm.fd
File: t1ptm.fd 2001/06/04 font definitions for T1/ptm.
)
LaTeX Font Info:    Try loading font information for OMS+ptm on input line 68.

(c:/w32tex/share/texmf-dist/tex/latex/psnfss/omsptm.fd
File: omsptm.fd 
)
LaTeX Font Info:    Font shape `OMS/ptm/m/n' in size <7> not available
(Font)              Font shape `OMS/cmsy/m/n' tried instead on input line 68.

Overfull \hbox (1.69083pt too wide) in paragraph at lines 115--125
\T1/aer/m/n/9 on TECS only sup-ports a stor-age/ROM de-vice to load mruby
 []


Underfull \vbox (badness 10000) has occurred while \output is active []

 [1


]
Overfull \hbox (5.18489pt too wide) in paragraph at lines 139--140
[]\mybf To fo-cus on the ben-e-fits of component-based de-vel-op-ments:
 []

File: figure/proposed.eps Graphic file (type eps)
<figure/proposed.eps>
LaTeX Font Info:    Font shape `JT1/mc/bx/n' in size <9> not available
(Font)              Font shape `JT1/gt/m/n' tried instead on input line 158.
LaTeX Font Info:    Font shape `JY1/mc/bx/n' in size <9> not available
(Font)              Font shape `JY1/gt/m/n' tried instead on input line 158.


LaTeX Font Warning: Font shape `T1/aer/bx/n' undefined
(Font)              using `T1/aer/m/n' instead on input line 158.

File: figure/mruby.eps Graphic file (type eps)
<figure/mruby.eps> [2]
File: figure/component_diagram.eps Graphic file (type eps)
 <figure/component_diagram.eps>
File: figure/mrubyontecs.eps Graphic file (type eps)
 <figure/mrubyontecs.eps>
[3]
File: figure/mruby_TECS_bridge.eps Graphic file (type eps)
 <figure/mruby_TECS_bridge.eps>
File: figure/system_model.eps Graphic file (type eps)
 <figure/system_model.eps>
Overfull \hbox (6.9286pt too wide) in paragraph at lines 365--377
[][] \T1/aer/bx/n/9 This sec-tion de-scribes an ad-di-tional func-tion-al-ity o
f mruby
 []


Overfull \hbox (6.12038pt too wide) in paragraph at lines 388--393
[]\T1/aer/bx/n/9 In the pro-posed frame-work, the plat-form in-clud-ing RiteVMs

 []


Overfull \hbox (5.6482pt too wide) in paragraph at lines 388--393
\T1/aer/bx/n/9 and mruby li-brary is com-piled and copied in the stor-age/ROM
 []


Overfull \hbox (3.22025pt too wide) in paragraph at lines 388--393
\T1/aer/bx/n/9 grams (.rb) are edited and com-piled into the byte-codes (.mrb)
 []


Overfull \hbox (16.04446pt too wide) in paragraph at lines 403--403
[]\subsecfnt Component of RiteVM with mruby byte-code loader
 []

File: figure/component_bluetooth.eps Graphic file (type eps)
<figure/component_bluetooth.eps> [4]
File: figure/control_flow.eps Graphic file (type eps)
 <figure/control_flow.eps>

LaTeX Font Warning: Font shape `T1/aer/m/it' undefined
(Font)              using `T1/aer/m/n' instead on input line 432.

LaTeX Font Info:    Try loading font information for OMS+aer on input line 432.

LaTeX Font Info:    No file OMSaer.fd. on input line 432.

LaTeX Font Warning: Font shape `OMS/aer/m/it' undefined
(Font)              using `OMS/cmsy/m/n' instead
(Font)              for symbol `textasteriskcentered' on input line 432.


LaTeX Font Warning: Font shape `OMS/aer/m/n' undefined
(Font)              using `OMS/cmsy/m/n' instead
(Font)              for symbol `textasteriskcentered' on input line 438.


Underfull \vbox (badness 3343) has occurred while \output is active []

 [5]
Overfull \hbox (3.94476pt too wide) in paragraph at lines 537--540
\T1/aer/bx/n/9 ported mul-ti-task-ing. How-ever, mul-ti-task pro-cess-ing in mr
uby
 []


Overfull \hbox (12.61133pt too wide) in paragraph at lines 547--552
[]\T1/aer/bx/n/9 Besides, as an-other method, \myit de-lay()\T1/aer/bx/n/9 , a 
ser-vice call of $\OML/cmm/m/it/9 ^^V$\T1/aer/bx/n/9 ITRON,
 []

File: figure/rotateReadyQueue.eps Graphic file (type eps)
<figure/rotateReadyQueue.eps>
Overfull \hbox (12.25426pt too wide) in paragraph at lines 583--593
\T1/aer/bx/n/9 uler. The com-po-nent of RiteVM sched-uler con-sist of CyclicHan
-
 []

File: figure/cyclic_handler.eps Graphic file (type eps)
<figure/cyclic_handler.eps>
Overfull \hbox (4.13707pt too wide) in paragraph at lines 664--664
[]\secfnt Synchronization of Mul-ti-ple RiteVM Tasks 
 []

File: figure/Eventflag.eps Graphic file (type eps)
<figure/Eventflag.eps>
LaTeX Font Info:    Font shape `JT1/mc/bx/n' in size <7> not available
(Font)              Font shape `JT1/gt/m/n' tried instead on input line 678.
LaTeX Font Info:    Font shape `JY1/mc/bx/n' in size <7> not available
(Font)              Font shape `JY1/gt/m/n' tried instead on input line 678.
 [6]
Overfull \hbox (2.29617pt too wide) in paragraph at lines 706--707
[]\T1/aer/bx/n/9 Execution time with sin-gle-task-ing, co-routine, and mul-
 []

[7]
File: figure/comparison_s_c_m.eps Graphic file (type eps)
 <figure/comparison_s_c_m.eps>
File: figure/comparison_msec.eps Graphic file (type eps)
 <figure/comparison_msec.eps>
Underfull \vbox (badness 1048) has occurred while \output is active []

 [8]
Overfull \hbox (8.12465pt too wide) in paragraph at lines 868--878
\T1/aer/bx/n/9 on TECS: mruby byte-code loader us-ing Blue-tooth and RiteVM
 []

(./paper.bbl
Underfull \vbox (badness 10000) has occurred while \output is active []

 [9])
[10

] (./paper.aux)

LaTeX Font Warning: Some font shapes were not available, defaults substituted.

 ) 
Here is how much of TeX's memory you used:
 4031 strings out of 493777
 51453 string characters out of 6153182
 283564 words of memory out of 5000000
 7406 multiletter control sequences out of 15000+600000
 51263 words of font info for 91 fonts, out of 8000000 for 9000
 929 hyphenation exceptions out of 8191
 39i,11n,72p,293b,1390s stack positions out of 5000i,500n,10000p,500000b,80000s

Output written on paper.dvi (10 pages, 72496 bytes).
